[2026-06-26 22:11:44:1144] [[31merror[39m]: [31mGET /api/tasks - 500 Internal Error: Cannot set property query of #<IncomingMessage> which has only a getter[39m
TypeError: Cannot set property query of #<IncomingMessage> which has only a getter
    at file:///F:/Web%20Development/Task%20Manager/backend/src/middlewares/validate.middleware.js:13:33
    at Layer.handleRequest (F:\Web Development\Task Manager\backend\node_modules\router\lib\layer.js:152:17)
    at next (F:\Web Development\Task Manager\backend\node_modules\router\lib\route.js:157:13)
    at Route.dispatch (F:\Web Development\Task Manager\backend\node_modules\router\lib\route.js:117:3)
    at handle (F:\Web Development\Task Manager\backend\node_modules\router\index.js:435:11)
    at Layer.handleRequest (F:\Web Development\Task Manager\backend\node_modules\router\lib\layer.js:152:17)
    at F:\Web Development\Task Manager\backend\node_modules\router\index.js:295:15
    at processParams (F:\Web Development\Task Manager\backend\node_modules\router\index.js:582:12)
    at next (F:\Web Development\Task Manager\backend\node_modules\router\index.js:291:5)
    at file:///F:/Web%20Development/Task%20Manager/backend/src/middlewares/auth.middleware.js:28:5
[2026-06-26 22:11:49:1149] [[31merror[39m]: [31mGET /api/tasks - 500 Internal Error: Cannot set property query of #<IncomingMessage> which has only a getter[39m
TypeError: Cannot set property query of #<IncomingMessage> which has only a getter
    at file:///F:/Web%20Development/Task%20Manager/backend/src/middlewares/validate.middleware.js:13:33
    at Layer.handleRequest (F:\Web Development\Task Manager\backend\node_modules\router\lib\layer.js:152:17)
    at next (F:\Web Development\Task Manager\backend\node_modules\router\lib\route.js:157:13)
    at Route.dispatch (F:\Web Development\Task Manager\backend\node_modules\router\lib\route.js:117:3)
    at handle (F:\Web Development\Task Manager\backend\node_modules\router\index.js:435:11)
    at Layer.handleRequest (F:\Web Development\Task Manager\backend\node_modules\router\lib\layer.js:152:17)
    at F:\Web Development\Task Manager\backend\node_modules\router\index.js:295:15
    at processParams (F:\Web Development\Task Manager\backend\node_modules\router\index.js:582:12)
    at next (F:\Web Development\Task Manager\backend\node_modules\router\index.js:291:5)
    at file:///F:/Web%20Development/Task%20Manager/backend/src/middlewares/auth.middleware.js:28:5
[2026-06-26 22:17:13:1713] [[31merror[39m]: [31mPOST /api/tasks - 500 Internal Error: next is not a function[39m
TypeError: next is not a function
    at model.<anonymous> (file:///F:/Web%20Development/Task%20Manager/backend/src/models/Task.model.js:124:3)
    at Kareem.execPre (F:\Web Development\Task Manager\backend\node_modules\kareem\index.js:59:39)
    at model._execDocumentPreHooks (F:\Web Development\Task Manager\backend\node_modules\mongoose\lib\document.js:3210:29)
    at model.$__save (F:\Web Development\Task Manager\backend\node_modules\mongoose\lib\model.js:403:16)
    at process.processTicksAndRejections (node:internal/process/task_queues:105:5)
    at async maybeTracedSave (F:\Web Development\Task Manager\backend\node_modules\mongoose\lib\model.js:675:7)
    at async Function.create (F:\Web Development\Task Manager\backend\node_modules\mongoose\lib\model.js:2763:5)
    at async TaskService.createTask (file:///F:/Web%20Development/Task%20Manager/backend/src/services/task.service.js:10:18)
    at async file:///F:/Web%20Development/Task%20Manager/backend/src/controllers/task.controller.js:10:16
